2025/09/02 21:17:22 abc
2025/09/02 21:17:24 def
2025/09/02 21:17:29 ghi
2025/09/02 21:17:32 jklm
2025/09/02 21:17:35 exiting log program
2025/09/02 23:01:26 grejghklerjg
2025/09/02 23:01:27 gldkfghldfk'
2025/09/02 23:01:28 
2025/09/02 23:08:20 kjhgdjfhg
2025/09/02 23:08:21 gdfgdfg
2025/09/02 23:08:23 exiting log program
2025/09/02 23:09:03 ygegerger
2025/09/02 23:09:03 gergserg
2025/09/02 23:09:05 exiting log program
2025/09/03 22:56:00 started logging inputs
2025/09/03 22:56:09 hjfjslkdfjs
2025/09/03 22:56:11 hfkshjdfhjkhskd
2025/09/03 22:56:14 exiting log program
2025/09/03 22:57:08 started logging inputs
2025/09/03 22:57:12 hello
2025/09/03 22:57:15 exiting log program
2025/09/03 23:00:07 started logging inputs
